Flow report for Adil_EXERCISE_4B
Thu Jul 15 14:19:13 2021
Quartus Prime Version 20.1.1 Build 720 11/11/2020 SJ Lite Edition


---------------------
; Table of Contents ;
---------------------
  1. Legal Notice
  2. Flow Summary
  3. Flow Settings
  4. Flow Non-Default Global Settings
  5. Flow Elapsed Time
  6. Flow OS Summary
  7. Flow Log
  8. Flow Messages
  9. Flow Suppressed Messages



----------------
; Legal Notice ;
----------------
Copyright (C) 2020  Intel Corporation. All rights reserved.
Your use of Intel Corporation's design tools, logic functions 
and other software and tools, and any partner logic 
functions, and any output files from any of the foregoing 
(including device programming or simulation files), and any 
associated documentation or information are expressly subject 
to the terms and conditions of the Intel Program License 
Subscription Agreement, the Intel Quartus Prime License Agreement,
the Intel FPGA IP License Agreement, or other applicable license
agreement, including, without limitation, that your use is for
the sole purpose of programming logic devices manufactured by
Intel and sold by Intel or its authorized distributors.  Please
refer to the applicable agreement for further details, at
https://fpgasoftware.intel.com/eula.



+-------------------------------------------------------------------------------+
; Flow Summary                                                                  ;
+---------------------------------+---------------------------------------------+
; Flow Status                     ; Successful - Thu Jul 15 14:19:06 2021       ;
; Quartus Prime Version           ; 20.1.1 Build 720 11/11/2020 SJ Lite Edition ;
; Revision Name                   ; Adil_EXERCISE_4B                            ;
; Top-level Entity Name           ; Adil_Register_N_VHDL                        ;
; Family                          ; Cyclone V                                   ;
; Device                          ; 5CSEMA5F31C6                                ;
; Timing Models                   ; Final                                       ;
; Logic utilization (in ALMs)     ; 18 / 32,070 ( < 1 % )                       ;
; Total registers                 ; 32                                          ;
; Total pins                      ; 68 / 457 ( 15 % )                           ;
; Total virtual pins              ; 0                                           ;
; Total block memory bits         ; 0 / 4,065,280 ( 0 % )                       ;
; Total DSP Blocks                ; 0 / 87 ( 0 % )                              ;
; Total HSSI RX PCSs              ; 0                                           ;
; Total HSSI PMA RX Deserializers ; 0                                           ;
; Total HSSI TX PCSs              ; 0                                           ;
; Total HSSI PMA TX Serializers   ; 0                                           ;
; Total PLLs                      ; 0 / 6 ( 0 % )                               ;
; Total DLLs                      ; 0 / 4 ( 0 % )                               ;
+---------------------------------+---------------------------------------------+


+-----------------------------------------+
; Flow Settings                           ;
+-------------------+---------------------+
; Option            ; Setting             ;
+-------------------+---------------------+
; Start date & time ; 07/15/2021 14:17:45 ;
; Main task         ; Compilation         ;
; Revision Name     ; Adil_EXERCISE_4B    ;
+-------------------+---------------------+


+-------------------------------------------------------------------------------------------------------------------------------------+
; Flow Non-Default Global Settings                                                                                                    ;
+-------------------------------------+----------------------------------------+------------------+----------------------+------------+
; Assignment Name                     ; Value                                  ; Default Value    ; Entity Name          ; Section Id ;
+-------------------------------------+----------------------------------------+------------------+----------------------+------------+
; COMPILER_SIGNATURE_ID               ; 10995770589198.162637306515160         ; --               ; --                   ; --         ;
; MAX_CORE_JUNCTION_TEMP              ; 85                                     ; --               ; --                   ; --         ;
; MIN_CORE_JUNCTION_TEMP              ; 0                                      ; --               ; --                   ; --         ;
; PARTITION_COLOR                     ; -- (Not supported for targeted family) ; --               ; Adil_Register_N_VHDL ; Top        ;
; PARTITION_FITTER_PRESERVATION_LEVEL ; -- (Not supported for targeted family) ; --               ; Adil_Register_N_VHDL ; Top        ;
; PARTITION_NETLIST_TYPE              ; -- (Not supported for targeted family) ; --               ; Adil_Register_N_VHDL ; Top        ;
; PROJECT_OUTPUT_DIRECTORY            ; output_files                           ; --               ; --                   ; --         ;
; TOP_LEVEL_ENTITY                    ; Adil_Register_N_VHDL                   ; Adil_EXERCISE_4B ; --                   ; --         ;
+-------------------------------------+----------------------------------------+------------------+----------------------+------------+


+--------------------------------------------------------------------------------------------------------------------------+
; Flow Elapsed Time                                                                                                        ;
+----------------------+--------------+-------------------------+---------------------+------------------------------------+
; Module Name          ; Elapsed Time ; Average Processors Used ; Peak Virtual Memory ; Total CPU Time (on all processors) ;
+----------------------+--------------+-------------------------+---------------------+------------------------------------+
; Analysis & Synthesis ; 00:00:09     ; 1.0                     ; 4886 MB             ; 00:00:21                           ;
; Fitter               ; 00:01:03     ; 1.0                     ; 7334 MB             ; 00:04:09                           ;
; Assembler            ; 00:00:07     ; 1.0                     ; 4840 MB             ; 00:00:07                           ;
; Timing Analyzer      ; 00:00:06     ; 1.2                     ; 5234 MB             ; 00:00:06                           ;
; Total                ; 00:01:25     ; --                      ; --                  ; 00:04:43                           ;
+----------------------+--------------+-------------------------+---------------------+------------------------------------+


+------------------------------------------------------------------------------------+
; Flow OS Summary                                                                    ;
+----------------------+------------------+------------+------------+----------------+
; Module Name          ; Machine Hostname ; OS Name    ; OS Version ; Processor type ;
+----------------------+------------------+------------+------------+----------------+
; Analysis & Synthesis ; DESKTOP-8HNIERJ  ; Windows 10 ; 10.0       ; x86_64         ;
; Fitter               ; DESKTOP-8HNIERJ  ; Windows 10 ; 10.0       ; x86_64         ;
; Assembler            ; DESKTOP-8HNIERJ  ; Windows 10 ; 10.0       ; x86_64         ;
; Timing Analyzer      ; DESKTOP-8HNIERJ  ; Windows 10 ; 10.0       ; x86_64         ;
+----------------------+------------------+------------+------------+----------------+


------------
; Flow Log ;
------------
quartus_map --read_settings_files=on --write_settings_files=off Adil_EXERCISE_4B -c Adil_EXERCISE_4B
quartus_fit --read_settings_files=off --write_settings_files=off Adil_EXERCISE_4B -c Adil_EXERCISE_4B
quartus_asm --read_settings_files=off --write_settings_files=off Adil_EXERCISE_4B -c Adil_EXERCISE_4B
quartus_sta Adil_EXERCISE_4B -c Adil_EXERCISE_4B



