Flow report for BasicTutorial
Tue Jun 22 19:17:21 2021
Quartus Prime Version 20.1.1 Build 720 11/11/2020 SJ Lite Edition


---------------------
; Table of Contents ;
---------------------
  1. Legal Notice
  2. Flow Summary
  3. Flow Settings
  4. Flow Non-Default Global Settings
  5. Flow Elapsed Time
  6. Flow OS Summary
  7. Flow Log
  8. Flow Messages
  9. Flow Suppressed Messages



----------------
; Legal Notice ;
----------------
Copyright (C) 2020  Intel Corporation. All rights reserved.
Your use of Intel Corporation's design tools, logic functions 
and other software and tools, and any partner logic 
functions, and any output files from any of the foregoing 
(including device programming or simulation files), and any 
associated documentation or information are expressly subject 
to the terms and conditions of the Intel Program License 
Subscription Agreement, the Intel Quartus Prime License Agreement,
the Intel FPGA IP License Agreement, or other applicable license
agreement, including, without limitation, that your use is for
the sole purpose of programming logic devices manufactured by
Intel and sold by Intel or its authorized distributors.  Please
refer to the applicable agreement for further details, at
https://fpgasoftware.intel.com/eula.



+-------------------------------------------------------------------------------+
; Flow Summary                                                                  ;
+---------------------------------+---------------------------------------------+
; Flow Status                     ; Successful - Tue Jun 22 19:17:21 2021       ;
; Quartus Prime Version           ; 20.1.1 Build 720 11/11/2020 SJ Lite Edition ;
; Revision Name                   ; BasicTutorial                               ;
; Top-level Entity Name           ; Adil_BasicSymbol                            ;
; Family                          ; Cyclone V                                   ;
; Device                          ; 5CSEMA5F31C6                                ;
; Timing Models                   ; Final                                       ;
; Logic utilization (in ALMs)     ; 1 / 32,070 ( < 1 % )                        ;
; Total registers                 ; 0                                           ;
; Total pins                      ; 5 / 457 ( 1 % )                             ;
; Total virtual pins              ; 0                                           ;
; Total block memory bits         ; 0 / 4,065,280 ( 0 % )                       ;
; Total DSP Blocks                ; 0 / 87 ( 0 % )                              ;
; Total HSSI RX PCSs              ; 0                                           ;
; Total HSSI PMA RX Deserializers ; 0                                           ;
; Total HSSI TX PCSs              ; 0                                           ;
; Total HSSI PMA TX Serializers   ; 0                                           ;
; Total PLLs                      ; 0 / 6 ( 0 % )                               ;
; Total DLLs                      ; 0 / 4 ( 0 % )                               ;
+---------------------------------+---------------------------------------------+


+-----------------------------------------+
; Flow Settings                           ;
+-------------------+---------------------+
; Option            ; Setting             ;
+-------------------+---------------------+
; Start date & time ; 06/22/2021 19:16:11 ;
; Main task         ; Compilation         ;
; Revision Name     ; BasicTutorial       ;
+-------------------+---------------------+


+------------------------------------------------------------------------------------------------------------------------------+
; Flow Non-Default Global Settings                                                                                             ;
+-------------------------------------+----------------------------------------+---------------+------------------+------------+
; Assignment Name                     ; Value                                  ; Default Value ; Entity Name      ; Section Id ;
+-------------------------------------+----------------------------------------+---------------+------------------+------------+
; COMPILER_SIGNATURE_ID               ; 10995770589198.162440377114120         ; --            ; --               ; --         ;
; MAX_CORE_JUNCTION_TEMP              ; 85                                     ; --            ; --               ; --         ;
; MIN_CORE_JUNCTION_TEMP              ; 0                                      ; --            ; --               ; --         ;
; MISC_FILE                           ; Adil_BASIC_MUX_LPM.cmp                 ; --            ; --               ; --         ;
; PARTITION_COLOR                     ; -- (Not supported for targeted family) ; --            ; Adil_BasicSymbol ; Top        ;
; PARTITION_FITTER_PRESERVATION_LEVEL ; -- (Not supported for targeted family) ; --            ; Adil_BasicSymbol ; Top        ;
; PARTITION_NETLIST_TYPE              ; -- (Not supported for targeted family) ; --            ; Adil_BasicSymbol ; Top        ;
; POWER_BOARD_THERMAL_MODEL           ; None (CONSERVATIVE)                    ; --            ; --               ; --         ;
; POWER_PRESET_COOLING_SOLUTION       ; 23 MM HEAT SINK WITH 200 LFPM AIRFLOW  ; --            ; --               ; --         ;
; PROJECT_OUTPUT_DIRECTORY            ; output_files                           ; --            ; --               ; --         ;
; TOP_LEVEL_ENTITY                    ; Adil_BasicSymbol                       ; BasicTutorial ; --               ; --         ;
+-------------------------------------+----------------------------------------+---------------+------------------+------------+


+--------------------------------------------------------------------------------------------------------------------------+
; Flow Elapsed Time                                                                                                        ;
+----------------------+--------------+-------------------------+---------------------+------------------------------------+
; Module Name          ; Elapsed Time ; Average Processors Used ; Peak Virtual Memory ; Total CPU Time (on all processors) ;
+----------------------+--------------+-------------------------+---------------------+------------------------------------+
; Analysis & Synthesis ; 00:00:09     ; 1.0                     ; 4860 MB             ; 00:00:20                           ;
; Fitter               ; 00:00:32     ; 1.0                     ; 7265 MB             ; 00:01:38                           ;
; Assembler            ; 00:00:07     ; 1.0                     ; 4833 MB             ; 00:00:07                           ;
; Timing Analyzer      ; 00:00:05     ; 1.0                     ; 5201 MB             ; 00:00:04                           ;
; EDA Netlist Writer   ; 00:00:01     ; 1.0                     ; 4715 MB             ; 00:00:01                           ;
; EDA Netlist Writer   ; 00:00:01     ; 1.0                     ; 4723 MB             ; 00:00:01                           ;
; Total                ; 00:00:55     ; --                      ; --                  ; 00:02:11                           ;
+----------------------+--------------+-------------------------+---------------------+------------------------------------+


+------------------------------------------------------------------------------------+
; Flow OS Summary                                                                    ;
+----------------------+------------------+------------+------------+----------------+
; Module Name          ; Machine Hostname ; OS Name    ; OS Version ; Processor type ;
+----------------------+------------------+------------+------------+----------------+
; Analysis & Synthesis ; DESKTOP-8HNIERJ  ; Windows 10 ; 10.0       ; x86_64         ;
; Fitter               ; DESKTOP-8HNIERJ  ; Windows 10 ; 10.0       ; x86_64         ;
; Assembler            ; DESKTOP-8HNIERJ  ; Windows 10 ; 10.0       ; x86_64         ;
; Timing Analyzer      ; DESKTOP-8HNIERJ  ; Windows 10 ; 10.0       ; x86_64         ;
; EDA Netlist Writer   ; DESKTOP-8HNIERJ  ; Windows 10 ; 10.0       ; x86_64         ;
; EDA Netlist Writer   ; DESKTOP-8HNIERJ  ; Windows 10 ; 10.0       ; x86_64         ;
+----------------------+------------------+------------+------------+----------------+


------------
; Flow Log ;
------------
quartus_map --read_settings_files=on --write_settings_files=off BasicTutorial -c BasicTutorial
quartus_fit --read_settings_files=off --write_settings_files=off BasicTutorial -c BasicTutorial
quartus_asm --read_settings_files=off --write_settings_files=off BasicTutorial -c BasicTutorial
quartus_sta BasicTutorial -c BasicTutorial
quartus_eda --gen_testbench --tool=modelsim_oem --format=verilog --write_settings_files=off BasicTutorial -c BasicTutorial --vector_source="D:/Documents/CSC343_Summer2021/CSC343_Lab_1_ Schematic Capture digital circuits_Adil_Sum21/Adil_basictutorial_simulation.vwf" --testbench_file="D:/Documents/CSC343_Summer2021/CSC343_Lab_1_ Schematic Capture digital circuits_Adil_Sum21/simulation/qsim/Adil_basictutorial_simulation.vwf.vt"
quartus_eda --write_settings_files=off --simulation=on --functional=on --flatten_buses=off --tool=modelsim_oem --format=verilog --output_directory="D:/Documents/CSC343_Summer2021/CSC343_Lab_1_ Schematic Capture digital circuits_Adil_Sum21/simulation/qsim/" BasicTutorial -c BasicTutorial



